This file contains any messages produced by compilers while
running configure, to aid debugging if configure makes a mistake.

It was created by server configure client, which was
generated by GNU Autoconf 2.69.  Invocation command line was

  $ ./configure 

## --------- ##
## Platform. ##
## --------- ##

hostname = DESKTOP-7BKIOIF
uname -m = x86_64
uname -r = 4.4.0-18362-Microsoft
uname -s = Linux
uname -v = #476-Microsoft Fri Nov 01 16:53:00 PST 2019

/usr/bin/uname -p = unknown
/bin/uname -X     = unknown

/bin/arch              = unknown
/usr/bin/arch -k       = unknown
/usr/convex/getsysinfo = unknown
/usr/bin/hostinfo      = unknown
/bin/machine           = unknown
/usr/bin/oslevel       = unknown
/bin/universe          = unknown

PATH: /usr/local/sbin
PATH: /usr/local/bin
PATH: /usr/sbin
PATH: /usr/bin
PATH: /sbin
PATH: /bin
PATH: /usr/games
PATH: /usr/local/games
PATH: /mnt/d/dev_tools/CUDA10.0/bin
PATH: /mnt/d/dev_tools/CUDA10.0/libnvvp
PATH: /mnt/d/dev_tools/CUDA10.0/extras/CUPTI/libx64
PATH: /mnt/d/dev_tools/CUDA10.0/cudnn/bin
PATH: /mnt/c/Windows/system32
PATH: /mnt/c/Windows
PATH: /mnt/c/Windows/System32/Wbem
PATH: /mnt/c/Windows/System32/WindowsPowerShell/v1.0/
PATH: /mnt/c/Windows/System32/OpenSSH/
PATH: /mnt/c/Program Files/Intel/WiFi/bin/
PATH: /mnt/c/Program Files/Common Files/Intel/WirelessCommon/
PATH: /mnt/c/Program Files (x86)/NVIDIA Corporation/PhysX/Common
PATH: /mnt/c/Program Files/NVIDIA Corporation/NVIDIA NvDLISR
PATH: /mnt/d/dev_tools/Git/cmd
PATH: /mnt/d/dev_tools/mingw-w64/mingw64/bin
PATH: /mnt/d/dev_tools/cmake/bin
PATH: /mnt/d/dev_tools/Active_HDL9.2/bin
PATH: /mnt/d/comm_tools/bdwp
PATH: /mnt/c/Users/dell/AppData/Local/Microsoft/WindowsApps
PATH: /mnt/d/dev_tools/Anaconda3_2019.07
PATH: /mnt/d/dev_tools/Anaconda3_2019.07/Scripts/
PATH: /mnt/c/Users/dell/AppData/Local/Programs/Microsoft VS Code/bin
PATH: /mnt/d/dev_tools/Anaconda3_2019.07/Library/bin/
PATH: /mnt/c/Users/dell/AppData/Local/GitHubDesktop/bin
PATH: /mnt/d/dev_tools/modelsim/win32pe_edu


## ----------- ##
## Core tests. ##
## ----------- ##

configure:2049: checking for a BSD-compatible install
configure:2117: result: /usr/bin/install -c
configure:2128: checking whether build environment is sane
configure:2183: result: yes
configure:2334: checking for a thread-safe mkdir -p
configure:2373: result: /bin/mkdir -p
configure:2380: checking for gawk
configure:2396: found /usr/bin/gawk
configure:2407: result: gawk
configure:2418: checking whether make sets $(MAKE)
configure:2440: result: yes
configure:2469: checking whether make supports nested variables
configure:2486: result: yes
configure:2670: checking for cc
configure:2686: found /usr/bin/cc
configure:2697: result: cc
configure:2728: checking for C compiler version
configure:2737: cc --version >&5
cc (Ubuntu 7.4.0-1ubuntu1~18.04.1) 7.4.0
Copyright (C) 2017 Free Software Foundation, Inc.
This is free software; see the source for copying conditions.  There is NO
warranty; not even for MERCHANTABILITY or FITNESS FOR A PARTICULAR PURPOSE.

configure:2748: $? = 0
configure:2737: cc -v >&5
Using built-in specs.
COLLECT_GCC=cc
COLLECT_LTO_WRAPPER=/usr/lib/gcc/x86_64-linux-gnu/7/lto-wrapper
OFFLOAD_TARGET_NAMES=nvptx-none
OFFLOAD_TARGET_DEFAULT=1
Target: x86_64-linux-gnu
Configured with: ../src/configure -v --with-pkgversion='Ubuntu 7.4.0-1ubuntu1~18.04.1' --with-bugurl=file:///usr/share/doc/gcc-7/README.Bugs --enable-languages=c,ada,c++,go,brig,d,fortran,objc,obj-c++ --prefix=/usr --with-gcc-major-version-only --program-suffix=-7 --program-prefix=x86_64-linux-gnu- --enable-shared --enable-linker-build-id --libexecdir=/usr/lib --without-included-gettext --enable-threads=posix --libdir=/usr/lib --enable-nls --with-sysroot=/ --enable-clocale=gnu --enable-libstdcxx-debug --enable-libstdcxx-time=yes --with-default-libstdcxx-abi=new --enable-gnu-unique-object --disable-vtable-verify --enable-libmpx --enable-plugin --enable-default-pie --with-system-zlib --with-target-system-zlib --enable-objc-gc=auto --enable-multiarch --disable-werror --with-arch-32=i686 --with-abi=m64 --with-multilib-list=m32,m64,mx32 --enable-multilib --with-tune=generic --enable-offload-targets=nvptx-none --without-cuda-driver --enable-checking=release --build=x86_64-linux-gnu --host=x86_64-linux-gnu --target=x86_64-linux-gnu
Thread model: posix
gcc version 7.4.0 (Ubuntu 7.4.0-1ubuntu1~18.04.1) 
configure:2748: $? = 0
configure:2737: cc -V >&5
cc: error: unrecognized command line option '-V'
cc: fatal error: no input files
compilation terminated.
configure:2748: $? = 1
configure:2737: cc -qversion >&5
cc: error: unrecognized command line option '-qversion'; did you mean '--version'?
cc: fatal error: no input files
compilation terminated.
configure:2748: $? = 1
configure:2768: checking whether the C compiler works
configure:2790: cc    conftest.c  >&5
configure:2794: $? = 0
configure:2842: result: yes
configure:2845: checking for C compiler default output file name
configure:2847: result: a.out
configure:2853: checking for suffix of executables
configure:2860: cc -o conftest    conftest.c  >&5
configure:2864: $? = 0
configure:2886: result: 
configure:2908: checking whether we are cross compiling
configure:2916: cc -o conftest    conftest.c  >&5
configure:2920: $? = 0
configure:2927: ./conftest
configure:2931: $? = 0
configure:2946: result: no
configure:2951: checking for suffix of object files
configure:2973: cc -c   conftest.c >&5
configure:2977: $? = 0
configure:2998: result: o
configure:3002: checking whether we are using the GNU C compiler
configure:3021: cc -c   conftest.c >&5
configure:3021: $? = 0
configure:3030: result: yes
configure:3039: checking whether cc accepts -g
configure:3059: cc -c -g  conftest.c >&5
configure:3059: $? = 0
configure:3100: result: yes
configure:3117: checking for cc option to accept ISO C89
configure:3180: cc  -c -g -O2  conftest.c >&5
configure:3180: $? = 0
configure:3193: result: none needed
configure:3218: checking whether cc understands -c and -o together
configure:3240: cc -c conftest.c -o conftest2.o
configure:3243: $? = 0
configure:3240: cc -c conftest.c -o conftest2.o
configure:3243: $? = 0
configure:3255: result: yes
configure:3283: checking for style of include used by make
configure:3311: result: GNU
configure:3337: checking dependency style of cc
configure:3448: result: gcc3
configure:3470: checking how to run the C preprocessor
configure:3501: cc -E  conftest.c
configure:3501: $? = 0
configure:3515: cc -E  conftest.c
conftest.c:11:10: fatal error: ac_nonexistent.h: No such file or directory
 #include <ac_nonexistent.h>
          ^~~~~~~~~~~~~~~~~~
compilation terminated.
configure:3515: $? = 1
configure: failed program was:
| /* confdefs.h */
| #define PACKAGE_NAME "server"
| #define PACKAGE_TARNAME "server"
| #define PACKAGE_VERSION "client"
| #define PACKAGE_STRING "server client"
| #define PACKAGE_BUGREPORT "1.0"
| #define PACKAGE_URL ""
| #define PACKAGE "server"
| #define VERSION "client"
| /* end confdefs.h.  */
| #include <ac_nonexistent.h>
configure:3540: result: cc -E
configure:3560: cc -E  conftest.c
configure:3560: $? = 0
configure:3574: cc -E  conftest.c
conftest.c:11:10: fatal error: ac_nonexistent.h: No such file or directory
 #include <ac_nonexistent.h>
          ^~~~~~~~~~~~~~~~~~
compilation terminated.
configure:3574: $? = 1
configure: failed program was:
| /* confdefs.h */
| #define PACKAGE_NAME "server"
| #define PACKAGE_TARNAME "server"
| #define PACKAGE_VERSION "client"
| #define PACKAGE_STRING "server client"
| #define PACKAGE_BUGREPORT "1.0"
| #define PACKAGE_URL ""
| #define PACKAGE "server"
| #define VERSION "client"
| /* end confdefs.h.  */
| #include <ac_nonexistent.h>
configure:3603: checking for grep that handles long lines and -e
configure:3661: result: /bin/grep
configure:3666: checking for egrep
configure:3728: result: /bin/grep -E
configure:3733: checking for ANSI C header files
configure:3753: cc -c -g -O2  conftest.c >&5
configure:3753: $? = 0
configure:3826: cc -o conftest -g -O2   conftest.c  >&5
configure:3826: $? = 0
configure:3826: ./conftest
configure:3826: $? = 0
configure:3837: result: yes
configure:3850: checking for sys/types.h
configure:3850: cc -c -g -O2  conftest.c >&5
configure:3850: $? = 0
configure:3850: result: yes
configure:3850: checking for sys/stat.h
configure:3850: cc -c -g -O2  conftest.c >&5
configure:3850: $? = 0
configure:3850: result: yes
configure:3850: checking for stdlib.h
configure:3850: cc -c -g -O2  conftest.c >&5
configure:3850: $? = 0
configure:3850: result: yes
configure:3850: checking for string.h
configure:3850: cc -c -g -O2  conftest.c >&5
configure:3850: $? = 0
configure:3850: result: yes
configure:3850: checking for memory.h
configure:3850: cc -c -g -O2  conftest.c >&5
configure:3850: $? = 0
configure:3850: result: yes
configure:3850: checking for strings.h
configure:3850: cc -c -g -O2  conftest.c >&5
configure:3850: $? = 0
configure:3850: result: yes
configure:3850: checking for inttypes.h
configure:3850: cc -c -g -O2  conftest.c >&5
configure:3850: $? = 0
configure:3850: result: yes
configure:3850: checking for stdint.h
configure:3850: cc -c -g -O2  conftest.c >&5
configure:3850: $? = 0
configure:3850: result: yes
configure:3850: checking for unistd.h
configure:3850: cc -c -g -O2  conftest.c >&5
configure:3850: $? = 0
configure:3850: result: yes
configure:3862: checking for uint16_t
configure:3862: cc -c -g -O2  conftest.c >&5
configure:3862: $? = 0
configure:3862: result: yes
configure:4021: checking that generated files are newer than configure
configure:4027: result: done
configure:4050: creating ./config.status

## ---------------------- ##
## Running config.status. ##
## ---------------------- ##

This file was extended by server config.status client, which was
generated by GNU Autoconf 2.69.  Invocation command line was

  CONFIG_FILES    = 
  CONFIG_HEADERS  = 
  CONFIG_LINKS    = 
  CONFIG_COMMANDS = 
  $ ./config.status 

on DESKTOP-7BKIOIF

config.status:778: creating Makefile
config.status:778: creating src/Makefile
config.status:950: executing depfiles commands

## ---------------- ##
## Cache variables. ##
## ---------------- ##

ac_cv_c_compiler_gnu=yes
ac_cv_c_uint16_t=yes
ac_cv_env_CC_set=
ac_cv_env_CC_value=
ac_cv_env_CFLAGS_set=
ac_cv_env_CFLAGS_value=
ac_cv_env_CPPFLAGS_set=
ac_cv_env_CPPFLAGS_value=
ac_cv_env_CPP_set=
ac_cv_env_CPP_value=
ac_cv_env_LDFLAGS_set=
ac_cv_env_LDFLAGS_value=
ac_cv_env_LIBS_set=
ac_cv_env_LIBS_value=
ac_cv_env_build_alias_set=
ac_cv_env_build_alias_value=
ac_cv_env_host_alias_set=
ac_cv_env_host_alias_value=
ac_cv_env_target_alias_set=
ac_cv_env_target_alias_value=
ac_cv_header_inttypes_h=yes
ac_cv_header_memory_h=yes
ac_cv_header_stdc=yes
ac_cv_header_stdint_h=yes
ac_cv_header_stdlib_h=yes
ac_cv_header_string_h=yes
ac_cv_header_strings_h=yes
ac_cv_header_sys_stat_h=yes
ac_cv_header_sys_types_h=yes
ac_cv_header_unistd_h=yes
ac_cv_objext=o
ac_cv_path_EGREP='/bin/grep -E'
ac_cv_path_GREP=/bin/grep
ac_cv_path_install='/usr/bin/install -c'
ac_cv_path_mkdir=/bin/mkdir
ac_cv_prog_AWK=gawk
ac_cv_prog_CPP='cc -E'
ac_cv_prog_ac_ct_CC=cc
ac_cv_prog_cc_c89=
ac_cv_prog_cc_g=yes
ac_cv_prog_make_make_set=yes
am_cv_CC_dependencies_compiler_type=gcc3
am_cv_make_support_nested_variables=yes
am_cv_prog_cc_c_o=yes

## ----------------- ##
## Output variables. ##
## ----------------- ##

ACLOCAL='${SHELL} /home/tricky/workspace_WSL_vscode/c_example/C-S-example/missing aclocal-1.15'
AMDEPBACKSLASH='\'
AMDEP_FALSE='#'
AMDEP_TRUE=''
AMTAR='$${TAR-tar}'
AM_BACKSLASH='\'
AM_DEFAULT_V='$(AM_DEFAULT_VERBOSITY)'
AM_DEFAULT_VERBOSITY='1'
AM_V='$(V)'
AUTOCONF='${SHELL} /home/tricky/workspace_WSL_vscode/c_example/C-S-example/missing autoconf'
AUTOHEADER='${SHELL} /home/tricky/workspace_WSL_vscode/c_example/C-S-example/missing autoheader'
AUTOMAKE='${SHELL} /home/tricky/workspace_WSL_vscode/c_example/C-S-example/missing automake-1.15'
AWK='gawk'
CC='cc'
CCDEPMODE='depmode=gcc3'
CFLAGS='-g -O2'
CPP='cc -E'
CPPFLAGS=''
CYGPATH_W='echo'
DEFS='-DPACKAGE_NAME=\"server\" -DPACKAGE_TARNAME=\"server\" -DPACKAGE_VERSION=\"client\" -DPACKAGE_STRING=\"server\ client\" -DPACKAGE_BUGREPORT=\"1.0\" -DPACKAGE_URL=\"\" -DPACKAGE=\"server\" -DVERSION=\"client\" -DSTDC_HEADERS=1 -DHAVE_SYS_TYPES_H=1 -DHAVE_SYS_STAT_H=1 -DHAVE_STDLIB_H=1 -DHAVE_STRING_H=1 -DHAVE_MEMORY_H=1 -DHAVE_STRINGS_H=1 -DHAVE_INTTYPES_H=1 -DHAVE_STDINT_H=1 -DHAVE_UNISTD_H=1'
DEPDIR='.deps'
ECHO_C=''
ECHO_N='-n'
ECHO_T=''
EGREP='/bin/grep -E'
EXEEXT=''
GREP='/bin/grep'
INSTALL_DATA='${INSTALL} -m 644'
INSTALL_PROGRAM='${INSTALL}'
INSTALL_SCRIPT='${INSTALL}'
INSTALL_STRIP_PROGRAM='$(install_sh) -c -s'
LDFLAGS=''
LIBOBJS=''
LIBS=''
LTLIBOBJS=''
MAKEINFO='${SHELL} /home/tricky/workspace_WSL_vscode/c_example/C-S-example/missing makeinfo'
MKDIR_P='/bin/mkdir -p'
OBJEXT='o'
PACKAGE='server'
PACKAGE_BUGREPORT='1.0'
PACKAGE_NAME='server'
PACKAGE_STRING='server client'
PACKAGE_TARNAME='server'
PACKAGE_URL=''
PACKAGE_VERSION='client'
PATH_SEPARATOR=':'
SET_MAKE=''
SHELL='/bin/bash'
STRIP=''
VERSION='client'
ac_ct_CC='cc'
am__EXEEXT_FALSE=''
am__EXEEXT_TRUE='#'
am__fastdepCC_FALSE='#'
am__fastdepCC_TRUE=''
am__include='include'
am__isrc=''
am__leading_dot='.'
am__nodep='_no'
am__quote=''
am__tar='$${TAR-tar} chof - "$$tardir"'
am__untar='$${TAR-tar} xf -'
bindir='${exec_prefix}/bin'
build_alias=''
datadir='${datarootdir}'
datarootdir='${prefix}/share'
docdir='${datarootdir}/doc/${PACKAGE_TARNAME}'
dvidir='${docdir}'
exec_prefix='${prefix}'
host_alias=''
htmldir='${docdir}'
includedir='${prefix}/include'
infodir='${datarootdir}/info'
install_sh='${SHELL} /home/tricky/workspace_WSL_vscode/c_example/C-S-example/install-sh'
libdir='${exec_prefix}/lib'
libexecdir='${exec_prefix}/libexec'
localedir='${datarootdir}/locale'
localstatedir='${prefix}/var'
mandir='${datarootdir}/man'
mkdir_p='$(MKDIR_P)'
oldincludedir='/usr/include'
pdfdir='${docdir}'
prefix='/usr/local'
program_transform_name='s,x,x,'
psdir='${docdir}'
runstatedir='${localstatedir}/run'
sbindir='${exec_prefix}/sbin'
sharedstatedir='${prefix}/com'
sysconfdir='${prefix}/etc'
target_alias=''

## ----------- ##
## confdefs.h. ##
## ----------- ##

/* confdefs.h */
#define PACKAGE_NAME "server"
#define PACKAGE_TARNAME "server"
#define PACKAGE_VERSION "client"
#define PACKAGE_STRING "server client"
#define PACKAGE_BUGREPORT "1.0"
#define PACKAGE_URL ""
#define PACKAGE "server"
#define VERSION "client"
#define STDC_HEADERS 1
#define HAVE_SYS_TYPES_H 1
#define HAVE_SYS_STAT_H 1
#define HAVE_STDLIB_H 1
#define HAVE_STRING_H 1
#define HAVE_MEMORY_H 1
#define HAVE_STRINGS_H 1
#define HAVE_INTTYPES_H 1
#define HAVE_STDINT_H 1
#define HAVE_UNISTD_H 1

configure: exit 0
